<?xml version="1.0" encoding="UTF-8"?>
<!-- Generated by org.testng.reporters.JUnitXMLReporter -->
<testsuite hostname="pradeep-PC" ignored="0" name="Default test" tests="3" failures="0" timestamp="15 Apr 2018 06:52:00 GMT" time="81.575" errors="0">
  <testcase name="Homepagetitletest" time="0.035" classname="com.crm.qa.testcases.Homepagetest"/>
  <testcase name="Verifyusername" time="21.329" classname="com.crm.qa.testcases.Homepagetest"/>
  <testcase name="Contactspagelink" time="12.857" classname="com.crm.qa.testcases.Homepagetest"/>
</testsuite> <!-- Default test -->
