<?xml version="1.0" encoding="UTF-8"?>
<testng-results skipped="0" failed="0" ignored="0" total="1" passed="1">
  <reporter-output>
  </reporter-output>
  <suite name="Default suite" duration-ms="20613" started-at="2018-01-17T17:00:41Z" finished-at="2018-01-17T17:01:01Z">
    <groups>
    </groups>
    <test name="Default test" duration-ms="20613" started-at="2018-01-17T17:00:41Z" finished-at="2018-01-17T17:01:01Z">
      <class name="com.test.automation.uiautomation.homepage.TC001_VerifyloginWithInvalidCredentials">
        <test-method status="PASS" signature="setUp()[pri:0, instance:com.test.automation.uiautomation.homepage.TC001_VerifyloginWithInvalidCredentials@61832929]" name="setUp" is-config="true" duration-ms="20550" started-at="2018-01-17T22:30:41Z" finished-at="2018-01-17T22:31:01Z">
          <reporter-output>
          </reporter-output>
        </test-method> <!-- setUp -->
        <test-method status="PASS" signature="verifyloginWithInvalidCredentials()[pri:0, instance:com.test.automation.uiautomation.homepage.TC001_VerifyloginWithInvalidCredentials@61832929]" name="verifyloginWithInvalidCredentials" duration-ms="12" started-at="2018-01-17T22:31:01Z" finished-at="2018-01-17T22:31:01Z">
          <reporter-output>
          </reporter-output>
        </test-method> <!-- verifyloginWithInvalidCredentials -->
        <test-method status="PASS" signature="endTest()[pri:0, instance:com.test.automation.uiautomation.homepage.TC001_VerifyloginWithInvalidCredentials@61832929]" name="endTest" is-config="true" duration-ms="2" started-at="2018-01-17T22:31:01Z" finished-at="2018-01-17T22:31:01Z">
          <reporter-output>
          </reporter-output>
        </test-method> <!-- endTest -->
      </class> <!-- com.test.automation.uiautomation.homepage.TC001_VerifyloginWithInvalidCredentials -->
    </test> <!-- Default test -->
  </suite> <!-- Default suite -->
</testng-results>
