<?xml version="1.0" encoding="UTF-8"?>
<testng-results skipped="0" failed="0" ignored="0" total="2" passed="2">
  <reporter-output>
  </reporter-output>
  <suite name="Default suite" duration-ms="31058" started-at="2018-04-14T16:34:13Z" finished-at="2018-04-14T16:34:44Z">
    <groups>
    </groups>
    <test name="Default test" duration-ms="31058" started-at="2018-04-14T16:34:13Z" finished-at="2018-04-14T16:34:44Z">
      <class name="com.crm.qa.testcases.Loginpagetest">
        <test-method status="PASS" signature="setup()[pri:0, instance:com.crm.qa.testcases.Loginpagetest@3ffc5af1]" name="setup" is-config="true" duration-ms="16766" started-at="2018-04-14T22:04:13Z" finished-at="2018-04-14T22:04:30Z">
          <reporter-output>
          </reporter-output>
        </test-method> <!-- setup -->
        <test-method status="PASS" signature="Loginpagetitletest()[pri:1, instance:com.crm.qa.testcases.Loginpagetest@3ffc5af1]" name="Loginpagetitletest" duration-ms="41" started-at="2018-04-14T22:04:30Z" finished-at="2018-04-14T22:04:30Z">
          <reporter-output>
          </reporter-output>
        </test-method> <!-- Loginpagetitletest -->
        <test-method status="PASS" signature="teardown()[pri:0, instance:com.crm.qa.testcases.Loginpagetest@3ffc5af1]" name="teardown" is-config="true" duration-ms="317" started-at="2018-04-14T22:04:30Z" finished-at="2018-04-14T22:04:30Z">
          <reporter-output>
          </reporter-output>
        </test-method> <!-- teardown -->
        <test-method status="PASS" signature="setup()[pri:0, instance:com.crm.qa.testcases.Loginpagetest@3ffc5af1]" name="setup" is-config="true" duration-ms="13567" started-at="2018-04-14T22:04:30Z" finished-at="2018-04-14T22:04:44Z">
          <reporter-output>
          </reporter-output>
        </test-method> <!-- setup -->
        <test-method status="PASS" signature="loginTest()[pri:2, instance:com.crm.qa.testcases.Loginpagetest@3ffc5af1]" name="loginTest" duration-ms="142" started-at="2018-04-14T22:04:44Z" finished-at="2018-04-14T22:04:44Z">
          <reporter-output>
          </reporter-output>
        </test-method> <!-- loginTest -->
        <test-method status="PASS" signature="teardown()[pri:0, instance:com.crm.qa.testcases.Loginpagetest@3ffc5af1]" name="teardown" is-config="true" duration-ms="164" started-at="2018-04-14T22:04:44Z" finished-at="2018-04-14T22:04:44Z">
          <reporter-output>
          </reporter-output>
        </test-method> <!-- teardown -->
      </class> <!-- com.crm.qa.testcases.Loginpagetest -->
    </test> <!-- Default test -->
  </suite> <!-- Default suite -->
</testng-results>
